#
# There is insufficient memory for the Java Runtime Environment to continue.
# Native memory allocation (mmap) failed to map 264241152 bytes for Failed to commit area from 0x0000000704000000 to 0x0000000713c00000 of length 264241152.
# Possible reasons:
#   The system is out of physical RAM or swap space
#   The process is running with CompressedOops enabled, and the Java Heap may be blocking the growth of the native heap
# Possible solutions:
#   Reduce memory load on the system
#   Increase physical memory or swap space
#   Check if swap backing store is full
#   Decrease Java heap size (-Xmx/-Xms)
#   Decrease number of Java threads
#   Decrease Java thread stack sizes (-Xss)
#   Set larger code cache with -XX:ReservedCodeCacheSize=
# This output file may be truncated or incomplete.
#
#  Out of Memory Error (./src/hotspot/os/windows/os_windows.cpp:3301), pid=50236, tid=54724
#
# JRE version:  (11.0.11+9) (build )
# Java VM: OpenJDK 64-Bit Server VM (11.0.11+9-b60-7590822, mixed mode, sharing, tiered, compressed oops, g1 gc, windows-amd64)
# No core dump will be written. Minidumps are not enabled by default on client versions of Windows
#

---------------  S U M M A R Y ------------

Command Line: org.jetbrains.kotlin.cli.jvm.K2JVMCompiler @D:\CodingApps\SchoolProject\CSC313\Flix\app\build\20220214_17518854061347580957.compiler.options

Host: 11th Gen Intel(R) Core(TM) i7-11800H @ 2.30GHz, 16 cores, 15G,  Windows 10 , 64 bit Build 19041 (10.0.19041.1466)
Time: Mon Feb 14 01:02:18 2022 Eastern Standard Time elapsed time: 0.017456 seconds (0d 0h 0m 0s)

---------------  T H R E A D  ---------------

Current thread (0x000002c12874a000):  JavaThread "Unknown thread" [_thread_in_vm, id=54724, stack(0x000000e391700000,0x000000e391800000)]

Stack: [0x000000e391700000,0x000000e391800000]
Native frames: (J=compiled Java code, j=interpreted, Vv=VM code, C=native code)
V  [jvm.dll+0x5f214a]
V  [jvm.dll+0x726fb5]
V  [jvm.dll+0x7285cd]
V  [jvm.dll+0x728c83]
V  [jvm.dll+0x243278]
V  [jvm.dll+0x5ef544]
V  [jvm.dll+0x5e4495]
V  [jvm.dll+0x2fec5b]
V  [jvm.dll+0x2febca]
V  [jvm.dll+0x2feaa2]
V  [jvm.dll+0x303986]
V  [jvm.dll+0x34c3a3]
V  [jvm.dll+0x34caa6]
V  [jvm.dll+0x34c4a3]
V  [jvm.dll+0x2d9688]
V  [jvm.dll+0x2da837]
V  [jvm.dll+0x705ba7]
V  [jvm.dll+0x70739c]
V  [jvm.dll+0x3598f9]
V  [jvm.dll+0x6e931e]
V  [jvm.dll+0x3c1c43]
V  [jvm.dll+0x3c3e81]
C  [jli.dll+0x5373]
C  [ucrtbase.dll+0x21bb2]
C  [KERNEL32.DLL+0x17034]
C  [ntdll.dll+0x52651]


---------------  P R O C E S S  ---------------

Threads class SMR info:
_java_thread_list=0x000002c128662340, length=0, elements={
}

Java Threads: ( => current thread )

Other Threads:
  0x000002c12a9a2800 GCTaskThread "GC Thread#0" [stack: 0x000000e391800000,0x000000e391900000] [id=33768]
  0x000002c12aa01000 ConcurrentGCThread "G1 Main Marker" [stack: 0x000000e391900000,0x000000e391a00000] [id=21536]
  0x000002c12aa03000 ConcurrentGCThread "G1 Conc#0" [stack: 0x000000e391a00000,0x000000e391b00000] [id=1868]

[error occurred during error reporting (printing all threads), id 0xc0000005, EXCEPTION_ACCESS_VIOLATION (0xc0000005) at pc=0x00007ff8c0749c47]

VM state:not at safepoint (not fully initialized)

VM Mutex/Monitor currently owned by a thread:  ([mutex/lock_event])
[0x000002c12a98eb70] Heap_lock - owner thread: 0x000002c12874a000

Heap address: 0x0000000704000000, size: 4032 MB, Compressed Oops mode: Non-zero based: 0x0000000704000000
Narrow klass base: 0x0000000000000000, Narrow klass shift: 0

GC Heap History (0 events):
No events

Deoptimization events (0 events):
No events

Classes redefined (0 events):
No events

Internal exceptions (0 events):
No events

Events (1 events):
Event: 0.009 Loaded shared library D:\Utility Apps\Android Studio\jre\bin\zip.dll


Dynamic libraries:
0x00007ff7dced0000 - 0x00007ff7dceda000 	D:\Utility Apps\Android Studio\jre\bin\java.exe
0x00007ff904410000 - 0x00007ff904605000 	C:\Windows\SYSTEM32\ntdll.dll
0x00007ff904310000 - 0x00007ff9043ce000 	C:\Windows\System32\KERNEL32.DLL
0x00007ff901c00000 - 0x00007ff901ec8000 	C:\Windows\System32\KERNELBASE.dll
0x00007ff902300000 - 0x00007ff902400000 	C:\Windows\System32\ucrtbase.dll
0x00007ff8e89e0000 - 0x00007ff8e89f9000 	D:\Utility Apps\Android Studio\jre\bin\jli.dll
0x00007ff8e4dc0000 - 0x00007ff8e4dd7000 	D:\Utility Apps\Android Studio\jre\bin\VCRUNTIME140.dll
0x00007ff903bf0000 - 0x00007ff903d91000 	C:\Windows\System32\USER32.dll
0x00007ff8f21f0000 - 0x00007ff8f248a000 	C:\Windows\WinSxS\amd64_microsoft.windows.common-controls_6595b64144ccf1df_6.0.19041.1110_none_60b5254171f9507e\COMCTL32.dll
0x00007ff901b20000 - 0x00007ff901b42000 	C:\Windows\System32\win32u.dll
0x00007ff902990000 - 0x00007ff902a2e000 	C:\Windows\System32\msvcrt.dll
0x00007ff902780000 - 0x00007ff9027ab000 	C:\Windows\System32\GDI32.dll
0x00007ff9021f0000 - 0x00007ff9022fd000 	C:\Windows\System32\gdi32full.dll
0x00007ff901f60000 - 0x00007ff901ffd000 	C:\Windows\System32\msvcp_win.dll
0x00007ff902840000 - 0x00007ff902870000 	C:\Windows\System32\IMM32.DLL
0x00007ff8dd7c0000 - 0x00007ff8dd85d000 	D:\Utility Apps\Android Studio\jre\bin\msvcp140.dll
0x00007ff8c0460000 - 0x00007ff8c0f35000 	D:\Utility Apps\Android Studio\jre\bin\server\jvm.dll
0x00007ff903320000 - 0x00007ff9033ce000 	C:\Windows\System32\ADVAPI32.dll
0x00007ff902880000 - 0x00007ff90291c000 	C:\Windows\System32\sechost.dll
0x00007ff902a30000 - 0x00007ff902b55000 	C:\Windows\System32\RPCRT4.dll
0x00007ff902870000 - 0x00007ff902878000 	C:\Windows\System32\PSAPI.DLL
0x00007ff8fe3b0000 - 0x00007ff8fe3b9000 	C:\Windows\SYSTEM32\WSOCK32.dll
0x00007ff8f2640000 - 0x00007ff8f2667000 	C:\Windows\SYSTEM32\WINMM.dll
0x00007ff902920000 - 0x00007ff90298b000 	C:\Windows\System32\WS2_32.dll
0x00007ff8fb8d0000 - 0x00007ff8fb8da000 	C:\Windows\SYSTEM32\VERSION.dll
0x00007ff9003d0000 - 0x00007ff9003e2000 	C:\Windows\SYSTEM32\kernel.appcore.dll
0x00007ff8fc320000 - 0x00007ff8fc331000 	D:\Utility Apps\Android Studio\jre\bin\verify.dll
0x00007ff8fff50000 - 0x00007ff900134000 	C:\Windows\SYSTEM32\DBGHELP.DLL
0x00007ff8e4570000 - 0x00007ff8e459c000 	C:\Windows\SYSTEM32\dbgcore.DLL
0x00007ff901ed0000 - 0x00007ff901f52000 	C:\Windows\System32\bcryptPrimitives.dll
0x00007ff8fc260000 - 0x00007ff8fc289000 	D:\Utility Apps\Android Studio\jre\bin\java.dll
0x00007ff8fe3a0000 - 0x00007ff8fe3ab000 	D:\Utility Apps\Android Studio\jre\bin\jimage.dll
0x00007ff8f0fd0000 - 0x00007ff8f0fe8000 	D:\Utility Apps\Android Studio\jre\bin\zip.dll

dbghelp: loaded successfully - version: 4.0.5 - missing functions: none
symbol engine: initialized successfully - sym options: 0x614 - pdb path: .;D:\Utility Apps\Android Studio\jre\bin;C:\Windows\SYSTEM32;C:\Windows\WinSxS\amd64_microsoft.windows.common-controls_6595b64144ccf1df_6.0.19041.1110_none_60b5254171f9507e;D:\Utility Apps\Android Studio\jre\bin\server

VM Arguments:
java_command: org.jetbrains.kotlin.cli.jvm.K2JVMCompiler @D:\CodingApps\SchoolProject\CSC313\Flix\app\build\20220214_17518854061347580957.compiler.options
java_class_path (initial): C:\Users\giakh\.gradle\caches\modules-2\files-2.1\org.jetbrains.kotlin\kotlin-compiler-embeddable\1.5.30\3362a354066df1578a057c200da23cf2a1d8144f\kotlin-compiler-embeddable-1.5.30.jar;C:\Users\giakh\.gradle\caches\modules-2\files-2.1\org.jetbrains.kotlin\kotlin-reflect\1.5.30\6773e974437dd6432aa646cc2f8ab71de42b5773\kotlin-reflect-1.5.30.jar;C:\Users\giakh\.gradle\caches\modules-2\files-2.1\org.jetbrains.kotlin\kotlin-stdlib\1.5.30\d68efdea04955974ac1020f8f66ef8176bfbce1f\kotlin-stdlib-1.5.30.jar;C:\Users\giakh\.gradle\caches\modules-2\files-2.1\org.jetbrains.kotlin\kotlin-script-runtime\1.5.30\10697ab20bfd2f1b23baa91306950c36c4e89a8d\kotlin-script-runtime-1.5.30.jar;C:\Users\giakh\.gradle\caches\modules-2\files-2.1\org.jetbrains.kotlin\kotlin-daemon-embeddable\1.5.30\e355dc9011e559a475608265607948109e113ae0\kotlin-daemon-embeddable-1.5.30.jar;C:\Users\giakh\.gradle\caches\modules-2\files-2.1\org.jetbrains.intellij.deps\trove4j\1.0.20181211\216c2e14b070f334479d800987affe4054cd563f\trove4j-1.0.20181211.jar;C:\Users\giakh\.gradle\caches\modules-2\files-2.1\org.jetbrains\annotations\13.0\919f0dfe192fb4e063e7dacadee7f8bb9a2672a9\annotations-13.0.jar;C:\Users\giakh\.gradle\caches\modules-2\files-2.1\org.jetbrains.kotlin\kotlin-stdlib-common\1.5.30\649ffab7767038323fec0cc41e2d7b0a8f65a378\kotlin-stdlib-common-1.5.30.jar
Launcher Type: SUN_STANDARD

[Global flags]
     intx CICompilerCount                          = 12                                        {product} {ergonomic}
     uint ConcGCThreads                            = 3                                         {product} {ergonomic}
     uint G1ConcRefinementThreads                  = 13                                        {product} {ergonomic}
   size_t G1HeapRegionSize                         = 1048576                                   {product} {ergonomic}
    uintx GCDrainStackTargetSize                   = 64                                        {product} {ergonomic}
   size_t InitialHeapSize                          = 264241152                                 {product} {ergonomic}
   size_t MarkStackSize                            = 4194304                                   {product} {ergonomic}
   size_t MaxHeapSize                              = 4227858432                                {product} {ergonomic}
   size_t MinHeapDeltaBytes                        = 1048576                                   {product} {ergonomic}
    uintx NonNMethodCodeHeapSize                   = 7594288                                {pd product} {ergonomic}
    uintx NonProfiledCodeHeapSize                  = 122031976                              {pd product} {ergonomic}
    uintx ProfiledCodeHeapSize                     = 122031976                              {pd product} {ergonomic}
    uintx ReservedCodeCacheSize                    = 251658240                              {pd product} {ergonomic}
     bool SegmentedCodeCache                       = true                                      {product} {ergonomic}
     bool UseCompressedClassPointers               = true                                 {lp64_product} {ergonomic}
     bool UseCompressedOops                        = true                                 {lp64_product} {ergonomic}
     bool UseG1GC                                  = true                                      {product} {ergonomic}
     bool UseLargePagesIndividualAllocation        = false                                  {pd product} {ergonomic}

Logging:
Log output configuration:
 #0: stdout all=warning uptime,level,tags
 #1: stderr all=off uptime,level,tags

Environment Variables:
PATH=C:\ProgramData\Oracle\Java\javapath;D:\Stack\Python3\Installation\Scripts\;D:\Stack\Python3\Installation\;C:\Program Files (x86)\Razer Chroma SDK\bin;C:\Program Files\Razer Chroma SDK\bin;C:\Program Files (x86)\Razer\ChromaBroadcast\bin;C:\Program Files\Razer\ChromaBroadcast\bin;C:\Windows\system32;C:\Windows;C:\Windows\System32\Wbem;C:\Windows\System32\WindowsPowerShell\v1.0\;C:\Windows\System32\OpenSSH\;C:\Program Files (x86)\NVIDIA Corporation\PhysX\Common;C:\Program Files\NVIDIA Corporation\NVIDIA NvDLISR;D:\Utility Apps\Git\cmd;C:\Program Files\dotnet\;C:\Program Files\Microsoft SQL Server\130\Tools\Binn\;C:\Program Files\Microsoft SQL Server\Client SDK\ODBC\170\Tools\Binn\;C:\Windows\system32\config\systemprofile\AppData\Local\Microsoft\WindowsApps;D:\Utility Apps\nodejs\;C:\Users\giakh\AppData\Local\Microsoft\WindowsApps;;D:\Utility Apps\Microsoft VS Code\bin;C:\Users\giakh\.dotnet\tools;C:\Users\giakh\AppData\Roaming\npm
USERNAME=giakh
OS=Windows_NT
PROCESSOR_IDENTIFIER=Intel64 Family 6 Model 141 Stepping 1, GenuineIntel



---------------  S Y S T E M  ---------------

OS: Windows 10 , 64 bit Build 19041 (10.0.19041.1466)
OS uptime: 12 days 9:22 hours

CPU:total 16 (initial active 16) (8 cores per cpu, 2 threads per core) family 6 model 141 stepping 1 microcode 0x1e, cmov, cx8, fxsr, mmx, sse, sse2, sse3, ssse3, sse4.1, sse4.2, popcnt, avx, avx2, aes, clmul, erms, 3dnowpref, lzcnt, ht, tsc, tscinvbit, bmi1, bmi2, adx, evex, sha, fma

Memory: 4k page, system-wide physical 16125M (381M free)
TotalPageFile size 35325M (AvailPageFile size 230M)
current process WorkingSet (physical memory assigned to process): 9M, peak: 9M
current process commit charge ("private bytes"): 71M, peak: 323M

vm_info: OpenJDK 64-Bit Server VM (11.0.11+9-b60-7590822) for windows-amd64 JRE (11.0.11+9-b60-7590822), built on Jul 29 2021 21:43:44 by "builder" with MS VC++ 14.0 (VS2015)

END.
